2023-10-27T09:24:24.847+09:00  INFO 1153 --- [main] kr.lfin.exam.LfinDevExamApplication      : Starting LfinDevExamApplication using Java 19.0.2 with PID 1153 (/Users/nakyung/Desktop/lfin-dev-exam/build/classes/java/main started by nakyung in /Users/nakyung/Desktop/lfin-dev-exam)
2023-10-27T09:24:24.850+09:00  INFO 1153 --- [main] kr.lfin.exam.LfinDevExamApplication      : The following 1 profile is active: "local"
2023-10-27T09:24:26.372+09:00  INFO 1153 --- [main] .s.d.r.c.RepositoryConfigurationDelegate : Bootstrapping Spring Data JPA repositories in DEFAULT mode.
2023-10-27T09:24:26.444+09:00  INFO 1153 --- [main] .s.d.r.c.RepositoryConfigurationDelegate : Finished Spring Data repository scanning in 60 ms. Found 1 JPA repository interfaces.
2023-10-27T09:24:26.569+09:00  WARN 1153 --- [main] o.m.s.mapper.ClassPathMapperScanner      : No MyBatis mapper was found in '[kr.lfin.exam]' package. Please check your configuration.
2023-10-27T09:24:27.433+09:00  INFO 1153 --- [main] o.s.b.w.embedded.tomcat.TomcatWebServer  : Tomcat initialized with port(s): 8088 (http)
2023-10-27T09:24:27.443+09:00  INFO 1153 --- [main] o.apache.catalina.core.StandardService   : Starting service [Tomcat]
2023-10-27T09:24:27.444+09:00  INFO 1153 --- [main] o.apache.catalina.core.StandardEngine    : Starting Servlet engine: [Apache Tomcat/10.1.15]
2023-10-27T09:24:27.540+09:00  INFO 1153 --- [main] o.a.c.c.C.[Tomcat].[localhost].[/]       : Initializing Spring embedded WebApplicationContext
2023-10-27T09:24:27.541+09:00  INFO 1153 --- [main] w.s.c.ServletWebServerApplicationContext : Root WebApplicationContext: initialization completed in 2634 ms
2023-10-27T09:24:27.908+09:00  INFO 1153 --- [main] com.zaxxer.hikari.HikariDataSource       : HikariPool-1 - Starting...
2023-10-27T09:24:28.221+09:00  INFO 1153 --- [main] com.zaxxer.hikari.pool.HikariPool        : HikariPool-1 - Added connection com.mysql.cj.jdbc.ConnectionImpl@7d3c22a5
2023-10-27T09:24:28.224+09:00  INFO 1153 --- [main] com.zaxxer.hikari.HikariDataSource       : HikariPool-1 - Start completed.
2023-10-27T09:24:28.275+09:00  INFO 1153 --- [main] o.hibernate.jpa.internal.util.LogHelper  : HHH000204: Processing PersistenceUnitInfo [name: default]
2023-10-27T09:24:28.366+09:00  INFO 1153 --- [main] org.hibernate.Version                    : HHH000412: Hibernate ORM core version 6.2.13.Final
2023-10-27T09:24:28.369+09:00  INFO 1153 --- [main] org.hibernate.cfg.Environment            : HHH000406: Using bytecode reflection optimizer
2023-10-27T09:24:28.835+09:00  INFO 1153 --- [main] o.s.o.j.p.SpringPersistenceUnitInfo      : No LoadTimeWeaver setup: ignoring JPA class transformer
2023-10-27T09:24:28.957+09:00 DEBUG 1153 --- [main] o.h.t.d.sql.spi.DdlTypeRegistry          : addDescriptor(12, org.hibernate.type.descriptor.sql.internal.CapacityDependentDdlType@1c79d093) replaced previous registration(org.hibernate.type.descriptor.sql.internal.CapacityDependentDdlType@746fd19b)
2023-10-27T09:24:28.957+09:00 DEBUG 1153 --- [main] o.h.t.d.sql.spi.DdlTypeRegistry          : addDescriptor(-9, org.hibernate.type.descriptor.sql.internal.CapacityDependentDdlType@54caeadc) replaced previous registration(org.hibernate.type.descriptor.sql.internal.CapacityDependentDdlType@61d7bb61)
2023-10-27T09:24:28.957+09:00 DEBUG 1153 --- [main] o.h.t.d.sql.spi.DdlTypeRegistry          : addDescriptor(-3, org.hibernate.type.descriptor.sql.internal.CapacityDependentDdlType@33f81280) replaced previous registration(org.hibernate.type.descriptor.sql.internal.CapacityDependentDdlType@3991fe6d)
2023-10-27T09:24:28.957+09:00 DEBUG 1153 --- [main] o.h.t.d.sql.spi.DdlTypeRegistry          : addDescriptor(4003, org.hibernate.type.descriptor.sql.internal.DdlTypeImpl@3a0e7f89) replaced previous registration(org.hibernate.type.descriptor.sql.internal.DdlTypeImpl@665ed71a)
2023-10-27T09:24:28.958+09:00 DEBUG 1153 --- [main] o.h.t.d.sql.spi.DdlTypeRegistry          : addDescriptor(4001, org.hibernate.type.descriptor.sql.internal.DdlTypeImpl@15c1b543) replaced previous registration(org.hibernate.type.descriptor.sql.internal.DdlTypeImpl@23954300)
2023-10-27T09:24:28.958+09:00 DEBUG 1153 --- [main] o.h.t.d.sql.spi.DdlTypeRegistry          : addDescriptor(4002, org.hibernate.type.descriptor.sql.internal.DdlTypeImpl@6aae82cc) replaced previous registration(org.hibernate.type.descriptor.sql.internal.DdlTypeImpl@7a587e84)
2023-10-27T09:24:28.958+09:00 DEBUG 1153 --- [main] o.h.t.d.sql.spi.DdlTypeRegistry          : addDescriptor(2004, org.hibernate.type.descriptor.sql.internal.CapacityDependentDdlType@622ba721) replaced previous registration(org.hibernate.type.descriptor.sql.internal.DdlTypeImpl@6b2f7527)
2023-10-27T09:24:28.958+09:00 DEBUG 1153 --- [main] o.h.t.d.sql.spi.DdlTypeRegistry          : addDescriptor(2005, org.hibernate.type.descriptor.sql.internal.CapacityDependentDdlType@7509226c) replaced previous registration(org.hibernate.type.descriptor.sql.internal.DdlTypeImpl@4c9cce17)
2023-10-27T09:24:28.958+09:00 DEBUG 1153 --- [main] o.h.t.d.sql.spi.DdlTypeRegistry          : addDescriptor(2011, org.hibernate.type.descriptor.sql.internal.CapacityDependentDdlType@73316a0a) replaced previous registration(org.hibernate.type.descriptor.sql.internal.DdlTypeImpl@63a7af06)
2023-10-27T09:24:30.092+09:00  INFO 1153 --- [main] o.h.e.t.j.p.i.JtaPlatformInitiator       : HHH000489: No JTA platform available (set 'hibernate.transaction.jta.platform' to enable JTA platform integration)
2023-10-27T09:24:30.095+09:00  INFO 1153 --- [main] j.LocalContainerEntityManagerFactoryBean : Initialized JPA EntityManagerFactory for persistence unit 'default'
2023-10-27T09:24:30.905+09:00  WARN 1153 --- [main] JpaBaseConfiguration$JpaWebConfiguration : spring.jpa.open-in-view is enabled by default. Therefore, database queries may be performed during view rendering. Explicitly configure spring.jpa.open-in-view to disable this warning
2023-10-27T09:24:31.696+09:00  INFO 1153 --- [main] o.s.b.a.e.web.EndpointLinksResolver      : Exposing 1 endpoint(s) beneath base path '/actuator'
2023-10-27T09:24:31.775+09:00  INFO 1153 --- [main] o.s.s.web.DefaultSecurityFilterChain     : Will secure any request with [org.springframework.security.web.session.DisableEncodeUrlFilter@63893cf6, org.springframework.security.web.context.request.async.WebAsyncManagerIntegrationFilter@7a14d8a4, org.springframework.security.web.context.SecurityContextHolderFilter@7a7f5c44, org.springframework.security.web.header.HeaderWriterFilter@7f59f4e4, org.springframework.security.web.authentication.logout.LogoutFilter@6592a73b, org.springframework.security.web.savedrequest.RequestCacheAwareFilter@35e0d91e, org.springframework.security.web.servletapi.SecurityContextHolderAwareRequestFilter@3204146d, org.springframework.security.web.authentication.AnonymousAuthenticationFilter@20673498, org.springframework.security.web.access.ExceptionTranslationFilter@718b9d56, org.springframework.security.web.access.intercept.FilterSecurityInterceptor@6792aa3e]
2023-10-27T09:24:32.563+09:00  INFO 1153 --- [main] o.s.b.w.embedded.tomcat.TomcatWebServer  : Tomcat started on port(s): 8088 (http) with context path ''
2023-10-27T09:24:32.579+09:00  INFO 1153 --- [main] kr.lfin.exam.LfinDevExamApplication      : Started LfinDevExamApplication in 8.351 seconds (process running for 9.401)
2023-10-27T09:24:34.788+09:00  INFO 1153 --- [http-nio-8088-exec-1] o.a.c.c.C.[Tomcat].[localhost].[/]       : Initializing Spring DispatcherServlet 'dispatcherServlet'
2023-10-27T09:24:34.788+09:00  INFO 1153 --- [http-nio-8088-exec-1] o.s.web.servlet.DispatcherServlet        : Initializing Servlet 'dispatcherServlet'
2023-10-27T09:24:34.790+09:00  INFO 1153 --- [http-nio-8088-exec-1] o.s.web.servlet.DispatcherServlet        : Completed initialization in 2 ms
2023-10-27T09:24:34.967+09:00  INFO 1153 --- [http-nio-8088-exec-1] k.l.e.common.aspect.HttpLoggingAspect    : Request: update([5, kr.lfin.exam.domains.UserVO@5ca136ff])
2023-10-27T09:24:35.222+09:00  INFO 1153 --- [http-nio-8088-exec-1] k.l.e.common.aspect.HttpLoggingAspect    : Response: update([5, kr.lfin.exam.domains.UserVO@5ca136ff]) -> <200 OK OK,kr.lfin.exam.common.utils.ApiResult@3e0f6023,[]>
2023-10-27T09:24:51.252+09:00  INFO 1153 --- [http-nio-8088-exec-3] k.l.e.common.aspect.HttpLoggingAspect    : Request: findAll([Page request [number: 1, size 5, sort: UNSORTED]])
2023-10-27T09:24:51.414+09:00  INFO 1153 --- [http-nio-8088-exec-3] k.l.e.common.aspect.HttpLoggingAspect    : Response: findAll([Page request [number: 1, size 5, sort: UNSORTED]]) -> <200 OK OK,kr.lfin.exam.common.utils.ApiResult@447f2aa0,[]>
2023-10-27T09:25:05.809+09:00  INFO 1153 --- [http-nio-8088-exec-4] k.l.e.common.aspect.HttpLoggingAspect    : Request: findAll([Page request [number: 0, size 10, sort: UNSORTED]])
2023-10-27T09:25:05.840+09:00  INFO 1153 --- [http-nio-8088-exec-4] k.l.e.common.aspect.HttpLoggingAspect    : Response: findAll([Page request [number: 0, size 10, sort: UNSORTED]]) -> <200 OK OK,kr.lfin.exam.common.utils.ApiResult@638def9c,[]>
2023-10-27T09:26:41.281+09:00  INFO 1153 --- [http-nio-8088-exec-7] k.l.e.common.aspect.HttpLoggingAspect    : Request: update([5, kr.lfin.exam.domains.UserVO@915528f])
2023-10-27T09:26:41.310+09:00  INFO 1153 --- [http-nio-8088-exec-7] k.l.e.common.aspect.HttpLoggingAspect    : Response: update([5, kr.lfin.exam.domains.UserVO@915528f]) -> <200 OK OK,kr.lfin.exam.common.utils.ApiResult@73834ceb,[]>
2023-10-27T09:49:13.458+09:00  INFO 1153 --- [SpringApplicationShutdownHook] j.LocalContainerEntityManagerFactoryBean : Closing JPA EntityManagerFactory for persistence unit 'default'
2023-10-27T09:49:13.467+09:00  INFO 1153 --- [SpringApplicationShutdownHook] com.zaxxer.hikari.HikariDataSource       : HikariPool-1 - Shutdown initiated...
2023-10-27T09:49:13.473+09:00  INFO 1153 --- [SpringApplicationShutdownHook] com.zaxxer.hikari.HikariDataSource       : HikariPool-1 - Shutdown completed.
2023-10-27T09:49:19.016+09:00  INFO 2142 --- [main] kr.lfin.exam.LfinDevExamApplication      : Starting LfinDevExamApplication using Java 19.0.2 with PID 2142 (/Users/nakyung/Desktop/lfin-dev-exam/build/classes/java/main started by nakyung in /Users/nakyung/Desktop/lfin-dev-exam)
2023-10-27T09:49:19.019+09:00  INFO 2142 --- [main] kr.lfin.exam.LfinDevExamApplication      : The following 1 profile is active: "local"
2023-10-27T09:49:20.227+09:00  INFO 2142 --- [main] .s.d.r.c.RepositoryConfigurationDelegate : Bootstrapping Spring Data JPA repositories in DEFAULT mode.
2023-10-27T09:49:20.285+09:00  INFO 2142 --- [main] .s.d.r.c.RepositoryConfigurationDelegate : Finished Spring Data repository scanning in 48 ms. Found 1 JPA repository interfaces.
2023-10-27T09:49:20.387+09:00  WARN 2142 --- [main] o.m.s.mapper.ClassPathMapperScanner      : No MyBatis mapper was found in '[kr.lfin.exam]' package. Please check your configuration.
2023-10-27T09:49:21.144+09:00  INFO 2142 --- [main] o.s.b.w.embedded.tomcat.TomcatWebServer  : Tomcat initialized with port(s): 8088 (http)
2023-10-27T09:49:21.155+09:00  INFO 2142 --- [main] o.apache.catalina.core.StandardService   : Starting service [Tomcat]
2023-10-27T09:49:21.155+09:00  INFO 2142 --- [main] o.apache.catalina.core.StandardEngine    : Starting Servlet engine: [Apache Tomcat/10.1.15]
2023-10-27T09:49:21.240+09:00  INFO 2142 --- [main] o.a.c.c.C.[Tomcat].[localhost].[/]       : Initializing Spring embedded WebApplicationContext
2023-10-27T09:49:21.240+09:00  INFO 2142 --- [main] w.s.c.ServletWebServerApplicationContext : Root WebApplicationContext: initialization completed in 2168 ms
2023-10-27T09:49:21.568+09:00  INFO 2142 --- [main] com.zaxxer.hikari.HikariDataSource       : HikariPool-1 - Starting...
2023-10-27T09:49:21.772+09:00  INFO 2142 --- [main] com.zaxxer.hikari.pool.HikariPool        : HikariPool-1 - Added connection com.mysql.cj.jdbc.ConnectionImpl@ac4e690
2023-10-27T09:49:21.774+09:00  INFO 2142 --- [main] com.zaxxer.hikari.HikariDataSource       : HikariPool-1 - Start completed.
2023-10-27T09:49:21.818+09:00  INFO 2142 --- [main] o.hibernate.jpa.internal.util.LogHelper  : HHH000204: Processing PersistenceUnitInfo [name: default]
2023-10-27T09:49:21.889+09:00  INFO 2142 --- [main] org.hibernate.Version                    : HHH000412: Hibernate ORM core version 6.2.13.Final
2023-10-27T09:49:21.892+09:00  INFO 2142 --- [main] org.hibernate.cfg.Environment            : HHH000406: Using bytecode reflection optimizer
2023-10-27T09:49:22.228+09:00  INFO 2142 --- [main] o.s.o.j.p.SpringPersistenceUnitInfo      : No LoadTimeWeaver setup: ignoring JPA class transformer
2023-10-27T09:49:22.333+09:00 DEBUG 2142 --- [main] o.h.t.d.sql.spi.DdlTypeRegistry          : addDescriptor(12, org.hibernate.type.descriptor.sql.internal.CapacityDependentDdlType@dbda472) replaced previous registration(org.hibernate.type.descriptor.sql.internal.CapacityDependentDdlType@41492479)
2023-10-27T09:49:22.333+09:00 DEBUG 2142 --- [main] o.h.t.d.sql.spi.DdlTypeRegistry          : addDescriptor(-9, org.hibernate.type.descriptor.sql.internal.CapacityDependentDdlType@7bef7505) replaced previous registration(org.hibernate.type.descriptor.sql.internal.CapacityDependentDdlType@568ef502)
2023-10-27T09:49:22.334+09:00 DEBUG 2142 --- [main] o.h.t.d.sql.spi.DdlTypeRegistry          : addDescriptor(-3, org.hibernate.type.descriptor.sql.internal.CapacityDependentDdlType@36f05595) replaced previous registration(org.hibernate.type.descriptor.sql.internal.CapacityDependentDdlType@3e12c5de)
2023-10-27T09:49:22.334+09:00 DEBUG 2142 --- [main] o.h.t.d.sql.spi.DdlTypeRegistry          : addDescriptor(4003, org.hibernate.type.descriptor.sql.internal.DdlTypeImpl@3e55d844) replaced previous registration(org.hibernate.type.descriptor.sql.internal.DdlTypeImpl@1f521c69)
2023-10-27T09:49:22.334+09:00 DEBUG 2142 --- [main] o.h.t.d.sql.spi.DdlTypeRegistry          : addDescriptor(4001, org.hibernate.type.descriptor.sql.internal.DdlTypeImpl@2b3abeeb) replaced previous registration(org.hibernate.type.descriptor.sql.internal.DdlTypeImpl@3aeb267)
2023-10-27T09:49:22.334+09:00 DEBUG 2142 --- [main] o.h.t.d.sql.spi.DdlTypeRegistry          : addDescriptor(4002, org.hibernate.type.descriptor.sql.internal.DdlTypeImpl@13a9cdae) replaced previous registration(org.hibernate.type.descriptor.sql.internal.DdlTypeImpl@1c972ae6)
2023-10-27T09:49:22.334+09:00 DEBUG 2142 --- [main] o.h.t.d.sql.spi.DdlTypeRegistry          : addDescriptor(2004, org.hibernate.type.descriptor.sql.internal.CapacityDependentDdlType@62a41279) replaced previous registration(org.hibernate.type.descriptor.sql.internal.DdlTypeImpl@146fa9c0)
2023-10-27T09:49:22.334+09:00 DEBUG 2142 --- [main] o.h.t.d.sql.spi.DdlTypeRegistry          : addDescriptor(2005, org.hibernate.type.descriptor.sql.internal.CapacityDependentDdlType@49f6c25e) replaced previous registration(org.hibernate.type.descriptor.sql.internal.DdlTypeImpl@6c13019c)
2023-10-27T09:49:22.334+09:00 DEBUG 2142 --- [main] o.h.t.d.sql.spi.DdlTypeRegistry          : addDescriptor(2011, org.hibernate.type.descriptor.sql.internal.CapacityDependentDdlType@2e66f1bd) replaced previous registration(org.hibernate.type.descriptor.sql.internal.DdlTypeImpl@47ae6c18)
2023-10-27T09:49:23.234+09:00  INFO 2142 --- [main] o.h.e.t.j.p.i.JtaPlatformInitiator       : HHH000489: No JTA platform available (set 'hibernate.transaction.jta.platform' to enable JTA platform integration)
2023-10-27T09:49:23.237+09:00  INFO 2142 --- [main] j.LocalContainerEntityManagerFactoryBean : Initialized JPA EntityManagerFactory for persistence unit 'default'
2023-10-27T09:49:23.811+09:00  WARN 2142 --- [main] JpaBaseConfiguration$JpaWebConfiguration : spring.jpa.open-in-view is enabled by default. Therefore, database queries may be performed during view rendering. Explicitly configure spring.jpa.open-in-view to disable this warning
2023-10-27T09:49:24.391+09:00  INFO 2142 --- [main] o.s.b.a.e.web.EndpointLinksResolver      : Exposing 1 endpoint(s) beneath base path '/actuator'
2023-10-27T09:49:24.462+09:00  INFO 2142 --- [main] o.s.s.web.DefaultSecurityFilterChain     : Will secure any request with [org.springframework.security.web.session.DisableEncodeUrlFilter@525aadf2, org.springframework.security.web.context.request.async.WebAsyncManagerIntegrationFilter@203b98cf, org.springframework.security.web.context.SecurityContextHolderFilter@7bfedff3, org.springframework.security.web.header.HeaderWriterFilter@4e301795, org.springframework.security.web.authentication.logout.LogoutFilter@448c4742, org.springframework.security.web.savedrequest.RequestCacheAwareFilter@1adc38a0, org.springframework.security.web.servletapi.SecurityContextHolderAwareRequestFilter@1b5df8b7, org.springframework.security.web.authentication.AnonymousAuthenticationFilter@52bcd7c9, org.springframework.security.web.access.ExceptionTranslationFilter@1704437b, org.springframework.security.web.access.intercept.FilterSecurityInterceptor@66f88fd3]
2023-10-27T09:49:25.153+09:00  INFO 2142 --- [main] o.s.b.w.embedded.tomcat.TomcatWebServer  : Tomcat started on port(s): 8088 (http) with context path ''
2023-10-27T09:49:25.169+09:00  INFO 2142 --- [main] kr.lfin.exam.LfinDevExamApplication      : Started LfinDevExamApplication in 6.693 seconds (process running for 7.515)
2023-10-27T10:06:47.673+09:00  WARN 2142 --- [HikariPool-1 housekeeper] com.zaxxer.hikari.pool.HikariPool        : HikariPool-1 - Thread starvation or clock leap detected (housekeeper delta=3m55s722ms).
2023-10-27T10:15:53.511+09:00  INFO 2142 --- [SpringApplicationShutdownHook] j.LocalContainerEntityManagerFactoryBean : Closing JPA EntityManagerFactory for persistence unit 'default'
2023-10-27T10:15:53.522+09:00  INFO 2142 --- [SpringApplicationShutdownHook] com.zaxxer.hikari.HikariDataSource       : HikariPool-1 - Shutdown initiated...
2023-10-27T10:15:53.547+09:00  INFO 2142 --- [SpringApplicationShutdownHook] com.zaxxer.hikari.HikariDataSource       : HikariPool-1 - Shutdown completed.
2023-10-27T10:15:58.106+09:00  INFO 2938 --- [main] kr.lfin.exam.LfinDevExamApplication      : Starting LfinDevExamApplication using Java 19.0.2 with PID 2938 (/Users/nakyung/Desktop/lfin-dev-exam/build/classes/java/main started by nakyung in /Users/nakyung/Desktop/lfin-dev-exam)
2023-10-27T10:15:58.107+09:00  INFO 2938 --- [main] kr.lfin.exam.LfinDevExamApplication      : The following 1 profile is active: "local"
2023-10-27T10:15:59.398+09:00  INFO 2938 --- [main] .s.d.r.c.RepositoryConfigurationDelegate : Bootstrapping Spring Data JPA repositories in DEFAULT mode.
2023-10-27T10:15:59.456+09:00  INFO 2938 --- [main] .s.d.r.c.RepositoryConfigurationDelegate : Finished Spring Data repository scanning in 48 ms. Found 1 JPA repository interfaces.
2023-10-27T10:15:59.568+09:00  WARN 2938 --- [main] o.m.s.mapper.ClassPathMapperScanner      : No MyBatis mapper was found in '[kr.lfin.exam]' package. Please check your configuration.
2023-10-27T10:16:00.400+09:00  INFO 2938 --- [main] o.s.b.w.embedded.tomcat.TomcatWebServer  : Tomcat initialized with port(s): 8088 (http)
2023-10-27T10:16:00.412+09:00  INFO 2938 --- [main] o.apache.catalina.core.StandardService   : Starting service [Tomcat]
2023-10-27T10:16:00.413+09:00  INFO 2938 --- [main] o.apache.catalina.core.StandardEngine    : Starting Servlet engine: [Apache Tomcat/10.1.15]
2023-10-27T10:16:00.502+09:00  INFO 2938 --- [main] o.a.c.c.C.[Tomcat].[localhost].[/]       : Initializing Spring embedded WebApplicationContext
2023-10-27T10:16:00.505+09:00  INFO 2938 --- [main] w.s.c.ServletWebServerApplicationContext : Root WebApplicationContext: initialization completed in 2347 ms
2023-10-27T10:16:00.851+09:00  INFO 2938 --- [main] com.zaxxer.hikari.HikariDataSource       : HikariPool-1 - Starting...
2023-10-27T10:16:01.075+09:00  INFO 2938 --- [main] com.zaxxer.hikari.pool.HikariPool        : HikariPool-1 - Added connection com.mysql.cj.jdbc.ConnectionImpl@2830315f
2023-10-27T10:16:01.077+09:00  INFO 2938 --- [main] com.zaxxer.hikari.HikariDataSource       : HikariPool-1 - Start completed.
2023-10-27T10:16:01.124+09:00  INFO 2938 --- [main] o.hibernate.jpa.internal.util.LogHelper  : HHH000204: Processing PersistenceUnitInfo [name: default]
2023-10-27T10:16:01.185+09:00  INFO 2938 --- [main] org.hibernate.Version                    : HHH000412: Hibernate ORM core version 6.2.13.Final
2023-10-27T10:16:01.195+09:00  INFO 2938 --- [main] org.hibernate.cfg.Environment            : HHH000406: Using bytecode reflection optimizer
2023-10-27T10:16:01.518+09:00  INFO 2938 --- [main] o.s.o.j.p.SpringPersistenceUnitInfo      : No LoadTimeWeaver setup: ignoring JPA class transformer
2023-10-27T10:16:01.625+09:00 DEBUG 2938 --- [main] o.h.t.d.sql.spi.DdlTypeRegistry          : addDescriptor(12, org.hibernate.type.descriptor.sql.internal.CapacityDependentDdlType@1f521c69) replaced previous registration(org.hibernate.type.descriptor.sql.internal.CapacityDependentDdlType@2b3abeeb)
2023-10-27T10:16:01.625+09:00 DEBUG 2938 --- [main] o.h.t.d.sql.spi.DdlTypeRegistry          : addDescriptor(-9, org.hibernate.type.descriptor.sql.internal.CapacityDependentDdlType@3aeb267) replaced previous registration(org.hibernate.type.descriptor.sql.internal.CapacityDependentDdlType@13a9cdae)
2023-10-27T10:16:01.626+09:00 DEBUG 2938 --- [main] o.h.t.d.sql.spi.DdlTypeRegistry          : addDescriptor(-3, org.hibernate.type.descriptor.sql.internal.CapacityDependentDdlType@1c972ae6) replaced previous registration(org.hibernate.type.descriptor.sql.internal.CapacityDependentDdlType@62a41279)
2023-10-27T10:16:01.626+09:00 DEBUG 2938 --- [main] o.h.t.d.sql.spi.DdlTypeRegistry          : addDescriptor(4003, org.hibernate.type.descriptor.sql.internal.DdlTypeImpl@146fa9c0) replaced previous registration(org.hibernate.type.descriptor.sql.internal.DdlTypeImpl@49f6c25e)
2023-10-27T10:16:01.626+09:00 DEBUG 2938 --- [main] o.h.t.d.sql.spi.DdlTypeRegistry          : addDescriptor(4001, org.hibernate.type.descriptor.sql.internal.DdlTypeImpl@6c13019c) replaced previous registration(org.hibernate.type.descriptor.sql.internal.DdlTypeImpl@2e66f1bd)
2023-10-27T10:16:01.626+09:00 DEBUG 2938 --- [main] o.h.t.d.sql.spi.DdlTypeRegistry          : addDescriptor(4002, org.hibernate.type.descriptor.sql.internal.DdlTypeImpl@47ae6c18) replaced previous registration(org.hibernate.type.descriptor.sql.internal.DdlTypeImpl@3835b281)
2023-10-27T10:16:01.626+09:00 DEBUG 2938 --- [main] o.h.t.d.sql.spi.DdlTypeRegistry          : addDescriptor(2004, org.hibernate.type.descriptor.sql.internal.CapacityDependentDdlType@4c5e4bfa) replaced previous registration(org.hibernate.type.descriptor.sql.internal.DdlTypeImpl@552cb0d5)
2023-10-27T10:16:01.626+09:00 DEBUG 2938 --- [main] o.h.t.d.sql.spi.DdlTypeRegistry          : addDescriptor(2005, org.hibernate.type.descriptor.sql.internal.CapacityDependentDdlType@61d6c8c4) replaced previous registration(org.hibernate.type.descriptor.sql.internal.DdlTypeImpl@74e2cfc5)
2023-10-27T10:16:01.627+09:00 DEBUG 2938 --- [main] o.h.t.d.sql.spi.DdlTypeRegistry          : addDescriptor(2011, org.hibernate.type.descriptor.sql.internal.CapacityDependentDdlType@4a5d5b38) replaced previous registration(org.hibernate.type.descriptor.sql.internal.DdlTypeImpl@7a47f0be)
2023-10-27T10:16:02.567+09:00  INFO 2938 --- [main] o.h.e.t.j.p.i.JtaPlatformInitiator       : HHH000489: No JTA platform available (set 'hibernate.transaction.jta.platform' to enable JTA platform integration)
2023-10-27T10:16:02.570+09:00  INFO 2938 --- [main] j.LocalContainerEntityManagerFactoryBean : Initialized JPA EntityManagerFactory for persistence unit 'default'
2023-10-27T10:16:03.131+09:00  WARN 2938 --- [main] JpaBaseConfiguration$JpaWebConfiguration : spring.jpa.open-in-view is enabled by default. Therefore, database queries may be performed during view rendering. Explicitly configure spring.jpa.open-in-view to disable this warning
2023-10-27T10:16:03.651+09:00  INFO 2938 --- [main] o.s.b.a.e.web.EndpointLinksResolver      : Exposing 1 endpoint(s) beneath base path '/actuator'
2023-10-27T10:16:03.709+09:00  INFO 2938 --- [main] o.s.s.web.DefaultSecurityFilterChain     : Will secure any request with [org.springframework.security.web.session.DisableEncodeUrlFilter@25fb43a9, org.springframework.security.web.context.request.async.WebAsyncManagerIntegrationFilter@59fa5a39, org.springframework.security.web.context.SecurityContextHolderFilter@1651bd68, org.springframework.security.web.header.HeaderWriterFilter@35bcf3a6, org.springframework.security.web.authentication.logout.LogoutFilter@4a5a8c6f, org.springframework.security.web.savedrequest.RequestCacheAwareFilter@3fc064cb, org.springframework.security.web.servletapi.SecurityContextHolderAwareRequestFilter@4bacabc4, org.springframework.security.web.authentication.AnonymousAuthenticationFilter@6dccdc50, org.springframework.security.web.access.ExceptionTranslationFilter@7b1a9ab3, org.springframework.security.web.access.intercept.FilterSecurityInterceptor@106e6dfe]
2023-10-27T10:16:04.321+09:00  INFO 2938 --- [main] o.s.b.w.embedded.tomcat.TomcatWebServer  : Tomcat started on port(s): 8088 (http) with context path ''
2023-10-27T10:16:04.336+09:00  INFO 2938 --- [main] kr.lfin.exam.LfinDevExamApplication      : Started LfinDevExamApplication in 6.709 seconds (process running for 7.376)
2023-10-27T10:16:08.574+09:00  INFO 2938 --- [http-nio-8088-exec-1] o.a.c.c.C.[Tomcat].[localhost].[/]       : Initializing Spring DispatcherServlet 'dispatcherServlet'
2023-10-27T10:16:08.575+09:00  INFO 2938 --- [http-nio-8088-exec-1] o.s.web.servlet.DispatcherServlet        : Initializing Servlet 'dispatcherServlet'
2023-10-27T10:16:08.577+09:00  INFO 2938 --- [http-nio-8088-exec-1] o.s.web.servlet.DispatcherServlet        : Completed initialization in 1 ms
2023-10-27T10:16:28.523+09:00  INFO 2938 --- [http-nio-8088-exec-6] k.l.e.common.aspect.HttpLoggingAspect    : Request: update([5, kr.lfin.exam.domains.UserVO@58143124])
2023-10-27T10:16:28.729+09:00  INFO 2938 --- [http-nio-8088-exec-6] k.l.e.common.aspect.HttpLoggingAspect    : Response: update([5, kr.lfin.exam.domains.UserVO@58143124]) -> <200 OK OK,kr.lfin.exam.common.utils.ApiResult@cdbf711,[]>
2023-10-27T10:16:35.854+09:00  INFO 2938 --- [http-nio-8088-exec-7] k.l.e.common.aspect.HttpLoggingAspect    : Request: findAll([Page request [number: 0, size 10, sort: UNSORTED]])
2023-10-27T10:16:36.016+09:00  INFO 2938 --- [http-nio-8088-exec-7] k.l.e.common.aspect.HttpLoggingAspect    : Response: findAll([Page request [number: 0, size 10, sort: UNSORTED]]) -> <200 OK OK,kr.lfin.exam.common.utils.ApiResult@2f277661,[]>
2023-10-27T10:17:38.714+09:00  INFO 2938 --- [http-nio-8088-exec-4] k.l.e.common.aspect.HttpLoggingAspect    : Request: update([0, kr.lfin.exam.domains.UserVO@5b26471e])
2023-10-27T10:17:43.980+09:00  INFO 2938 --- [http-nio-8088-exec-6] k.l.e.common.aspect.HttpLoggingAspect    : Request: update([5, kr.lfin.exam.domains.UserVO@1dda68d8])
2023-10-27T10:17:44.002+09:00  INFO 2938 --- [http-nio-8088-exec-6] k.l.e.common.aspect.HttpLoggingAspect    : Response: update([5, kr.lfin.exam.domains.UserVO@1dda68d8]) -> <200 OK OK,kr.lfin.exam.common.utils.ApiResult@709ed4f2,[]>
2023-10-27T10:18:23.731+09:00  INFO 2938 --- [http-nio-8088-exec-9] k.l.e.common.aspect.HttpLoggingAspect    : Request: update([100, kr.lfin.exam.domains.UserVO@733f5c2])
2023-10-27T10:18:28.761+09:00  INFO 2938 --- [http-nio-8088-exec-2] k.l.e.common.aspect.HttpLoggingAspect    : Request: update([5, kr.lfin.exam.domains.UserVO@5f7bab19])
2023-10-27T10:18:28.791+09:00  INFO 2938 --- [http-nio-8088-exec-2] k.l.e.common.aspect.HttpLoggingAspect    : Response: update([5, kr.lfin.exam.domains.UserVO@5f7bab19]) -> <200 OK OK,kr.lfin.exam.common.utils.ApiResult@2f0a4aa7,[]>
